
Running 1 test using 1 worker

Starting OTP fill for login...
Filling multi-digit OTP inputs...
Verify clicked
Step 1: Selecting OKK asset...
✓ OKK selected
Step 2: Filling name field...
✓ Name filled (via placeholder/id selector)
Step 3: Checking checkbox...
✓ Checkbox checked
Step 4: Clicking Next...
✓ Next clicked, waiting for OTP screen...
Step 5: Auto-filling OTP...
Filling multi-digit OTP inputs...
Submit clicked
✓ OTP filled and verified
Step 6: Clicking Create...
Click Create failed: locator.click: Target page, context or browser has been closed
Step 6: Waiting for dashboard reload after wallet creation...
Step 6-7 error: page.waitForTimeout: Target page, context or browser has been closed
Final screenshot skipped: page closed after Create
  ✓  1 tests/testDemo.spec.js:5:1 › Dev login with manual OTP verification and create asset wallet (33.6s)

  1 passed (34.3s)
