
Running 1 test using 1 worker

Starting OTP fill for login...
Filling multi-digit OTP inputs...
Verify clicked
Step 1: Selecting OKK asset...
✓ OKK selected
Step 2: Filling name field...
✓ Name filled (via placeholder/id selector)
Step 3: Checking checkbox...
✓ Checkbox checked
Step 4: Clicking Next...
✓ Next clicked, waiting for OTP screen...
Step 5: Auto-filling OTP...
Filling multi-digit OTP inputs...
Submit clicked
✓ OTP filled and verified
Step 6: Clicking Create...
✓ Create clicked
Step 6: Waiting for dashboard reload after wallet creation...
Step 7: Finding and selecting the created wallet from table...
Finding first wallet row in table...
Copy button not found in wallet row, searching more broadly...
Found 0 buttons in row
Wallet row text: Loading...
Clipboard read failed, extracting from text...
Could not extract wallet address
⚠ Could not extract wallet address
Final screenshot skipped: page closed after Create
  ✓  1 tests/testDemo.spec.js:5:1 › Dev login with manual OTP verification and create asset wallet (19.9s)

  1 passed (21.1s)

Running 1 test using 1 worker

Starting OTP fill for login...
Filling multi-digit OTP inputs...
Verify clicked
Step 1: Selecting OKK asset...
✓ OKK selected
Step 2: Filling name field...
✓ Name filled (via placeholder/id selector)
Step 3: Checking checkbox...
✓ Checkbox checked
Step 4: Clicking Next...
✓ Next clicked, waiting for OTP screen...
Step 5: Auto-filling OTP...
Filling multi-digit OTP inputs...
Submit clicked
✓ OTP filled and verified
Step 6: Clicking Create...
✓ Create clicked
Step 6: Waiting for dashboard reload after wallet creation...
Step 7: Finding and selecting the created wallet from table...
Finding first wallet row in table...
selectAndCopyWalletAddress error: page.waitForTimeout: Target page, context or browser has been closed
⚠ Could not extract wallet address
Final screenshot skipped: page closed after Create
  ✓  1 tests/testDemo.spec.js:5:1 › Dev login with manual OTP verification and create asset wallet (46.1s)

  1 passed (46.9s)
