
Running 1 test using 1 worker

Starting OTP fill for login...
Filling multi-digit OTP inputs...
Verify clicked
Step 1: Selecting OKK asset...
✓ OKK selected
Step 2: Filling name field...
Generated wallet name: test3785
✓ Name filled (via placeholder/id selector)
Step 3: Checking checkbox...
✓ Checkbox checked
Step 4: Clicking Next...
✓ Next clicked, waiting for OTP screen...
Step 5: Auto-filling OTP...
Filling multi-digit OTP inputs...
Submit clicked
✓ OTP filled and verified
Step 6: Clicking Create...
✓ Create clicked
Create button action completed
Step 6: Waiting for dashboard reload after wallet creation...
✓ Table found on current page
Step 7: Finding and selecting the created wallet from table...
Finding first wallet row in table...
Copy button found, clicking...
Wallet row text: Gas Station0x7Ca35F9309807344B2F4b364822108c08AD84a95ETH TEST SEPOLIATotal:0Pending:0Available:0Frozen:0gas stationinitialized
Address extracted from row text
✓ Wallet address extracted: 0x7Ca35F9309807344B2F4b364822108c08AD84a95
✓ Wallet address copied. Preparing recipients payload...
Recipients payload:
{
  "recipients": [
    "0x7Ca35F9309807344B2F4b364822108c08AD84a95"
  ],
  "amounts": [
    0.000001
  ],
  "type": "native"
}
  ✓  1 tests/testDemo.spec.js:5:1 › Dev login with manual OTP verification and create asset wallet (16.4s)

  1 passed (17.2s)
