
Running 1 test using 1 worker

Starting OTP fill for login...
Filling multi-digit OTP inputs...
Verify clicked
Step 1: Selecting OKK asset...
✓ OKK selected
Step 2: Filling name field...
✓ Name filled (via placeholder/id selector): test3712
Step 3: Checking checkbox...
✓ Checkbox checked
Step 4: Clicking Next...
✓ Next clicked, waiting for OTP screen...
Step 5: Auto-filling OTP...
Filling multi-digit OTP inputs...
Submit clicked
✓ OTP filled and verified
Step 6: Clicking Create...
Click Create failed: locator.click: Target page, context or browser has been closed
Step 6: Attempting to extract wallet address from network response...
No wallet response captured, waiting for dashboard reload...
Generated wallet name: test3712
⚠ Page closed during waitForTimeout, attempting recovery...
Available pages: 0
❌ No pages available for recovery
  ✓  1 tests/testDemo.spec.js:5:1 › Dev login with manual OTP verification and create asset wallet (1.5m)

  1 passed (1.6m)
